<?xml version="1.0" encoding="UTF-8"?>
<!-- Generated by org.testng.reporters.JUnitXMLReporter -->
<testsuite ignored="0" hostname="Chid" failures="0" tests="5" name="Default test" time="7.421" errors="0" timestamp="14 Aug 2022 05:35:06 GMT">
  <testcase classname="swag.qa.testclasses.LoginPageTest" name="validateTitleTest" time="0.013"/>
  <testcase classname="swag.qa.testclasses.LoginPageTest" name="validateSwagLogoTest" time="0.052"/>
  <testcase classname="swag.qa.testclasses.LoginPageTest" name="validateBotTest" time="0.045"/>
  <testcase classname="swag.qa.testclasses.LoginPageTest" name="validatePasswordHint" time="0.047"/>
  <testcase classname="swag.qa.testclasses.LoginPageTest" name="validateLoginTest" time="0.325"/>
</testsuite> <!-- Default test -->
